<?xml version="1.0" encoding="UTF-8"?>
<testsuite xmlns:xsi="http://www.w3.org/2001/XMLSchema-instance" xsi:noNamespaceSchemaLocation="https://maven.apache.org/surefire/maven-surefire-plugin/xsd/surefire-test-report-3.0.xsd" version="3.0" name="pe.com.isesystem.siscopepesca.SiscopePescaApplicationTests" time="2.873" tests="1" errors="0" skipped="0" failures="0">
  <properties>
[...]
</properties>
  <testcase name="contextLoads" classname="pe.com.isesystem.siscopepesca.SiscopePescaApplicationTests" time="0.659">
    <system-out><![CDATA[02:29:19.051 [main] INFO org.springframework.test.context.support.AnnotationConfigContextLoaderUtils -- Could not detect default configuration classes for test class [pe.com.isesystem.siscopepesca.SiscopePescaApplicationTests]: SiscopePescaApplicationTests does not declare any static, non-private, non-final, nested classes annotated with @Configuration.
02:29:19.173 [main] INFO org.springframework.boot.test.context.SpringBootTestContextBootstrapper -- Found @SpringBootConfiguration pe.com.isesystem.siscopepesca.SiscopePescaApplication for test class pe.com.isesystem.siscopepesca.SiscopePescaApplicationTests

  .   ____          _            __ _ _
 /\\ / ___'_ __ _ _(_)_ __  __ _ \ \ \ \
( ( )\___ | '_ | '_| | '_ \/ _` | \ \ \ \
 \\/  ___)| |_)| | | | | || (_| |  ) ) ) )
  '  |____| .__|_| |_|_| |_\__, | / / / /
 =========|_|==============|___/=/_/_/_/
 :: Spring Boot ::                (v3.2.0)

2024-03-26T02:29:19.580-05:00  INFO 14790 --- [           main] p.c.i.s.SiscopePescaApplicationTests     : Starting SiscopePescaApplicationTests using Java 17.0.10 with PID 14790 (started by edwin in /media/edwin/Windows-SSD/repositorio/dynamic-service)
2024-03-26T02:29:19.582-05:00  INFO 14790 --- [           main] p.c.i.s.SiscopePescaApplicationTests     : No active profile set, falling back to 1 default profile: "default"
2024-03-26T02:29:20.121-05:00  INFO 14790 --- [           main] .s.d.r.c.RepositoryConfigurationDelegate : Bootstrapping Spring Data MongoDB repositories in DEFAULT mode.
2024-03-26T02:29:20.138-05:00  INFO 14790 --- [           main] .s.d.r.c.RepositoryConfigurationDelegate : Finished Spring Data repository scanning in 13 ms. Found 0 MongoDB repository interfaces.
2024-03-26T02:29:20.492-05:00  INFO 14790 --- [           main] org.mongodb.driver.client                : MongoClient with metadata {"driver": {"name": "mongo-java-driver|sync|spring-boot", "version": "4.11.1"}, "os": {"type": "Linux", "name": "Linux", "architecture": "amd64", "version": "6.5.0-27-generic"}, "platform": "Java/Amazon.com Inc./17.0.10+8-LTS"} created with settings MongoClientSettings{readPreference=primary, writeConcern=WriteConcern{w=null, wTimeout=null ms, journal=null}, retryWrites=true, retryReads=true, readConcern=ReadConcern{level=null}, credential=MongoCredential{mechanism=null, userName='root', source='formularioDinamico', password=<hidden>, mechanismProperties=<hidden>}, transportSettings=null, streamFactoryFactory=null, commandListeners=[], codecRegistry=ProvidersCodecRegistry{codecProviders=[ValueCodecProvider{}, BsonValueCodecProvider{}, DBRefCodecProvider{}, DBObjectCodecProvider{}, DocumentCodecProvider{}, CollectionCodecProvider{}, IterableCodecProvider{}, MapCodecProvider{}, GeoJsonCodecProvider{}, GridFSFileCodecProvider{}, Jsr310CodecProvider{}, JsonObjectCodecProvider{}, BsonCodecProvider{}, EnumCodecProvider{}, com.mongodb.client.model.mql.ExpressionCodecProvider@176555c, com.mongodb.Jep395RecordCodecProvider@7c781c42, com.mongodb.KotlinCodecProvider@795f8317]}, loggerSettings=LoggerSettings{maxDocumentLength=1000}, clusterSettings={hosts=[161.132.47.74:27017], srvServiceName=mongodb, mode=SINGLE, requiredClusterType=UNKNOWN, requiredReplicaSetName='null', serverSelector='null', clusterListeners='[]', serverSelectionTimeout='30000 ms', localThreshold='15 ms'}, socketSettings=SocketSettings{connectTimeoutMS=10000, readTimeoutMS=0, receiveBufferSize=0, proxySettings=ProxySettings{host=null, port=null, username=null, password=null}}, heartbeatSocketSettings=SocketSettings{connectTimeoutMS=10000, readTimeoutMS=10000, receiveBufferSize=0, proxySettings=ProxySettings{host=null, port=null, username=null, password=null}}, connectionPoolSettings=ConnectionPoolSettings{maxSize=100, minSize=0, maxWaitTimeMS=120000, maxConnectionLifeTimeMS=0, maxConnectionIdleTimeMS=0, maintenanceInitialDelayMS=0, maintenanceFrequencyMS=60000, connectionPoolListeners=[], maxConnecting=2}, serverSettings=ServerSettings{heartbeatFrequencyMS=10000, minHeartbeatFrequencyMS=500, serverListeners='[]', serverMonitorListeners='[]'}, sslSettings=SslSettings{enabled=false, invalidHostNameAllowed=false, context=null}, applicationName='null', compressorList=[], uuidRepresentation=JAVA_LEGACY, serverApi=null, autoEncryptionSettings=null, dnsClient=null, inetAddressResolver=null, contextProvider=null}
2024-03-26T02:29:20.538-05:00  INFO 14790 --- [132.47.74:27017] org.mongodb.driver.cluster               : Monitor thread successfully connected to server with description ServerDescription{address=161.132.47.74:27017, type=STANDALONE, state=CONNECTED, ok=true, minWireVersion=0, maxWireVersion=21, maxDocumentSize=16777216, logicalSessionTimeoutMinutes=30, roundTripTimeNanos=38783349}
2024-03-26T02:29:21.116-05:00  INFO 14790 --- [           main] p.c.i.s.SiscopePescaApplicationTests     : Started SiscopePescaApplicationTests in 1.812 seconds (process running for 2.678)
]]></system-out>
  </testcase>
</testsuite>